{"/Users/u_kast/Desktop/other_stuff/heartbeat_challenge/dist/part1_functions.js": {"path":"/Users/u_kast/Desktop/other_stuff/heartbeat_challenge/dist/part1_functions.js","statementMap":{"0":{"start":{"line":2,"column":16},"end":{"line":10,"column":1}},"1":{"start":{"line":3,"column":28},"end":{"line":3,"column":110}},"2":{"start":{"line":3,"column":91},"end":{"line":3,"column":106}},"3":{"start":{"line":4,"column":4},"end":{"line":9,"column":7}},"4":{"start":{"line":5,"column":36},"end":{"line":5,"column":97}},"5":{"start":{"line":5,"column":42},"end":{"line":5,"column":70}},"6":{"start":{"line":5,"column":85},"end":{"line":5,"column":95}},"7":{"start":{"line":6,"column":35},"end":{"line":6,"column":100}},"8":{"start":{"line":6,"column":41},"end":{"line":6,"column":73}},"9":{"start":{"line":6,"column":88},"end":{"line":6,"column":98}},"10":{"start":{"line":7,"column":32},"end":{"line":7,"column":116}},"11":{"start":{"line":8,"column":8},"end":{"line":8,"column":78}},"12":{"start":{"line":11,"column":20},"end":{"line":17,"column":1}},"13":{"start":{"line":12,"column":4},"end":{"line":12,"column":91}},"14":{"start":{"line":12,"column":31},"end":{"line":12,"column":91}},"15":{"start":{"line":13,"column":12},"end":{"line":13,"column":35}},"16":{"start":{"line":14,"column":4},"end":{"line":14,"column":213}},"17":{"start":{"line":14,"column":194},"end":{"line":14,"column":206}},"18":{"start":{"line":15,"column":23},"end":{"line":15,"column":162}},"19":{"start":{"line":15,"column":53},"end":{"line":15,"column":159}},"20":{"start":{"line":15,"column":101},"end":{"line":15,"column":155}},"21":{"start":{"line":16,"column":45},"end":{"line":16,"column":126}},"22":{"start":{"line":16,"column":83},"end":{"line":16,"column":114}},"23":{"start":{"line":18,"column":0},"end":{"line":18,"column":62}},"24":{"start":{"line":19,"column":11},"end":{"line":19,"column":24}},"25":{"start":{"line":20,"column":13},"end":{"line":20,"column":28}},"26":{"start":{"line":21,"column":17},"end":{"line":21,"column":36}},"27":{"start":{"line":23,"column":20},"end":{"line":23,"column":87}},"28":{"start":{"line":23,"column":31},"end":{"line":23,"column":87}},"29":{"start":{"line":23,"column":60},"end":{"line":23,"column":71}},"30":{"start":{"line":25,"column":19},"end":{"line":27,"column":2}},"31":{"start":{"line":25,"column":29},"end":{"line":27,"column":2}},"32":{"start":{"line":33,"column":0},"end":{"line":58,"column":3}},"33":{"start":{"line":33,"column":32},"end":{"line":58,"column":2}},"34":{"start":{"line":35,"column":25},"end":{"line":35,"column":27}},"35":{"start":{"line":36,"column":4},"end":{"line":56,"column":5}},"36":{"start":{"line":37,"column":8},"end":{"line":48,"column":9}},"37":{"start":{"line":37,"column":22},"end":{"line":37,"column":53}},"38":{"start":{"line":38,"column":23},"end":{"line":38,"column":31}},"39":{"start":{"line":39,"column":12},"end":{"line":46,"column":13}},"40":{"start":{"line":40,"column":42},"end":{"line":40,"column":59}},"41":{"start":{"line":41,"column":16},"end":{"line":45,"column":19}},"42":{"start":{"line":47,"column":12},"end":{"line":47,"column":38}},"43":{"start":{"line":50,"column":20},"end":{"line":50,"column":43}},"44":{"start":{"line":52,"column":8},"end":{"line":55,"column":45}},"45":{"start":{"line":53,"column":12},"end":{"line":53,"column":70}},"46":{"start":{"line":53,"column":52},"end":{"line":53,"column":70}},"47":{"start":{"line":55,"column":18},"end":{"line":55,"column":43}},"48":{"start":{"line":55,"column":27},"end":{"line":55,"column":43}},"49":{"start":{"line":57,"column":4},"end":{"line":57,"column":26}},"50":{"start":{"line":66,"column":25},"end":{"line":71,"column":1}},"51":{"start":{"line":67,"column":37},"end":{"line":69,"column":45}},"52":{"start":{"line":68,"column":29},"end":{"line":68,"column":63}},"53":{"start":{"line":69,"column":26},"end":{"line":69,"column":44}},"54":{"start":{"line":70,"column":4},"end":{"line":70,"column":36}},"55":{"start":{"line":79,"column":0},"end":{"line":86,"column":2}},"56":{"start":{"line":80,"column":23},"end":{"line":80,"column":25}},"57":{"start":{"line":81,"column":4},"end":{"line":84,"column":7}},"58":{"start":{"line":82,"column":40},"end":{"line":82,"column":90}},"59":{"start":{"line":83,"column":8},"end":{"line":83,"column":72}},"60":{"start":{"line":85,"column":4},"end":{"line":85,"column":22}},"61":{"start":{"line":94,"column":0},"end":{"line":100,"column":2}},"62":{"start":{"line":95,"column":23},"end":{"line":95,"column":25}},"63":{"start":{"line":96,"column":4},"end":{"line":98,"column":7}},"64":{"start":{"line":97,"column":8},"end":{"line":97,"column":99}},"65":{"start":{"line":99,"column":4},"end":{"line":99,"column":22}},"66":{"start":{"line":105,"column":0},"end":{"line":111,"column":2}},"67":{"start":{"line":106,"column":23},"end":{"line":106,"column":25}},"68":{"start":{"line":107,"column":4},"end":{"line":109,"column":7}},"69":{"start":{"line":108,"column":8},"end":{"line":108,"column":99}},"70":{"start":{"line":110,"column":4},"end":{"line":110,"column":22}},"71":{"start":{"line":112,"column":0},"end":{"line":114,"column":2}},"72":{"start":{"line":113,"column":4},"end":{"line":113,"column":17}}},"fnMap":{"0":{"name":"(anonymous_0)","decl":{"start":{"line":2,"column":44},"end":{"line":2,"column":45}},"loc":{"start":{"line":2,"column":89},"end":{"line":10,"column":1}},"line":2},"1":{"name":"adopt","decl":{"start":{"line":3,"column":13},"end":{"line":3,"column":18}},"loc":{"start":{"line":3,"column":26},"end":{"line":3,"column":112}},"line":3},"2":{"name":"(anonymous_2)","decl":{"start":{"line":3,"column":70},"end":{"line":3,"column":71}},"loc":{"start":{"line":3,"column":89},"end":{"line":3,"column":108}},"line":3},"3":{"name":"(anonymous_3)","decl":{"start":{"line":4,"column":36},"end":{"line":4,"column":37}},"loc":{"start":{"line":4,"column":63},"end":{"line":9,"column":5}},"line":4},"4":{"name":"fulfilled","decl":{"start":{"line":5,"column":17},"end":{"line":5,"column":26}},"loc":{"start":{"line":5,"column":34},"end":{"line":5,"column":99}},"line":5},"5":{"name":"rejected","decl":{"start":{"line":6,"column":17},"end":{"line":6,"column":25}},"loc":{"start":{"line":6,"column":33},"end":{"line":6,"column":102}},"line":6},"6":{"name":"step","decl":{"start":{"line":7,"column":17},"end":{"line":7,"column":21}},"loc":{"start":{"line":7,"column":30},"end":{"line":7,"column":118}},"line":7},"7":{"name":"(anonymous_7)","decl":{"start":{"line":11,"column":52},"end":{"line":11,"column":53}},"loc":{"start":{"line":11,"column":65},"end":{"line":17,"column":1}},"line":11},"8":{"name":"(anonymous_8)","decl":{"start":{"line":14,"column":180},"end":{"line":14,"column":181}},"loc":{"start":{"line":14,"column":192},"end":{"line":14,"column":208}},"line":14},"9":{"name":"verb","decl":{"start":{"line":15,"column":13},"end":{"line":15,"column":17}},"loc":{"start":{"line":15,"column":21},"end":{"line":15,"column":164}},"line":15},"10":{"name":"(anonymous_10)","decl":{"start":{"line":15,"column":38},"end":{"line":15,"column":39}},"loc":{"start":{"line":15,"column":51},"end":{"line":15,"column":161}},"line":15},"11":{"name":"(anonymous_11)","decl":{"start":{"line":15,"column":72},"end":{"line":15,"column":73}},"loc":{"start":{"line":15,"column":99},"end":{"line":15,"column":157}},"line":15},"12":{"name":"settle","decl":{"start":{"line":16,"column":13},"end":{"line":16,"column":19}},"loc":{"start":{"line":16,"column":43},"end":{"line":16,"column":128}},"line":16},"13":{"name":"(anonymous_13)","decl":{"start":{"line":16,"column":69},"end":{"line":16,"column":70}},"loc":{"start":{"line":16,"column":81},"end":{"line":16,"column":116}},"line":16},"14":{"name":"(anonymous_14)","decl":{"start":{"line":23,"column":20},"end":{"line":23,"column":21}},"loc":{"start":{"line":23,"column":31},"end":{"line":23,"column":87}},"line":23},"15":{"name":"(anonymous_15)","decl":{"start":{"line":23,"column":44},"end":{"line":23,"column":45}},"loc":{"start":{"line":23,"column":60},"end":{"line":23,"column":71}},"line":23},"16":{"name":"(anonymous_16)","decl":{"start":{"line":25,"column":19},"end":{"line":25,"column":20}},"loc":{"start":{"line":25,"column":29},"end":{"line":27,"column":2}},"line":25},"17":{"name":"(anonymous_17)","decl":{"start":{"line":33,"column":22},"end":{"line":33,"column":23}},"loc":{"start":{"line":33,"column":32},"end":{"line":58,"column":2}},"line":33},"18":{"name":"(anonymous_18)","decl":{"start":{"line":33,"column":66},"end":{"line":33,"column":67}},"loc":{"start":{"line":33,"column":79},"end":{"line":58,"column":1}},"line":33},"19":{"name":"(anonymous_19)","decl":{"start":{"line":66,"column":25},"end":{"line":66,"column":26}},"loc":{"start":{"line":66,"column":63},"end":{"line":71,"column":1}},"line":66},"20":{"name":"(anonymous_20)","decl":{"start":{"line":68,"column":16},"end":{"line":68,"column":17}},"loc":{"start":{"line":68,"column":29},"end":{"line":68,"column":63}},"line":68},"21":{"name":"(anonymous_21)","decl":{"start":{"line":69,"column":13},"end":{"line":69,"column":14}},"loc":{"start":{"line":69,"column":26},"end":{"line":69,"column":44}},"line":69},"22":{"name":"(anonymous_22)","decl":{"start":{"line":79,"column":34},"end":{"line":79,"column":35}},"loc":{"start":{"line":79,"column":74},"end":{"line":86,"column":1}},"line":79},"23":{"name":"(anonymous_23)","decl":{"start":{"line":81,"column":27},"end":{"line":81,"column":28}},"loc":{"start":{"line":81,"column":43},"end":{"line":84,"column":5}},"line":81},"24":{"name":"(anonymous_24)","decl":{"start":{"line":94,"column":30},"end":{"line":94,"column":31}},"loc":{"start":{"line":94,"column":70},"end":{"line":100,"column":1}},"line":94},"25":{"name":"(anonymous_25)","decl":{"start":{"line":96,"column":27},"end":{"line":96,"column":28}},"loc":{"start":{"line":96,"column":43},"end":{"line":98,"column":5}},"line":96},"26":{"name":"(anonymous_26)","decl":{"start":{"line":105,"column":30},"end":{"line":105,"column":31}},"loc":{"start":{"line":105,"column":70},"end":{"line":111,"column":1}},"line":105},"27":{"name":"(anonymous_27)","decl":{"start":{"line":107,"column":27},"end":{"line":107,"column":28}},"loc":{"start":{"line":107,"column":43},"end":{"line":109,"column":5}},"line":107},"28":{"name":"(anonymous_28)","decl":{"start":{"line":112,"column":21},"end":{"line":112,"column":22}},"loc":{"start":{"line":112,"column":31},"end":{"line":114,"column":1}},"line":112}},"branchMap":{"0":{"loc":{"start":{"line":2,"column":16},"end":{"line":10,"column":1}},"type":"binary-expr","locations":[{"start":{"line":2,"column":17},"end":{"line":2,"column":21}},{"start":{"line":2,"column":25},"end":{"line":2,"column":39}},{"start":{"line":2,"column":44},"end":{"line":10,"column":1}}],"line":2},"1":{"loc":{"start":{"line":3,"column":35},"end":{"line":3,"column":109}},"type":"cond-expr","locations":[{"start":{"line":3,"column":56},"end":{"line":3,"column":61}},{"start":{"line":3,"column":64},"end":{"line":3,"column":109}}],"line":3},"2":{"loc":{"start":{"line":4,"column":16},"end":{"line":4,"column":34}},"type":"binary-expr","locations":[{"start":{"line":4,"column":16},"end":{"line":4,"column":17}},{"start":{"line":4,"column":22},"end":{"line":4,"column":33}}],"line":4},"3":{"loc":{"start":{"line":7,"column":32},"end":{"line":7,"column":115}},"type":"cond-expr","locations":[{"start":{"line":7,"column":46},"end":{"line":7,"column":67}},{"start":{"line":7,"column":70},"end":{"line":7,"column":115}}],"line":7},"4":{"loc":{"start":{"line":8,"column":51},"end":{"line":8,"column":67}},"type":"binary-expr","locations":[{"start":{"line":8,"column":51},"end":{"line":8,"column":61}},{"start":{"line":8,"column":65},"end":{"line":8,"column":67}}],"line":8},"5":{"loc":{"start":{"line":11,"column":20},"end":{"line":17,"column":1}},"type":"binary-expr","locations":[{"start":{"line":11,"column":21},"end":{"line":11,"column":25}},{"start":{"line":11,"column":29},"end":{"line":11,"column":47}},{"start":{"line":11,"column":52},"end":{"line":17,"column":1}}],"line":11},"6":{"loc":{"start":{"line":12,"column":4},"end":{"line":12,"column":91}},"type":"if","locations":[{"start":{"line":12,"column":4},"end":{"line":12,"column":91}},{"start":{"line":12,"column":4},"end":{"line":12,"column":91}}],"line":12},"7":{"loc":{"start":{"line":14,"column":11},"end":{"line":14,"column":212}},"type":"cond-expr","locations":[{"start":{"line":14,"column":15},"end":{"line":14,"column":24}},{"start":{"line":14,"column":28},"end":{"line":14,"column":211}}],"line":14},"8":{"loc":{"start":{"line":14,"column":32},"end":{"line":14,"column":99}},"type":"cond-expr","locations":[{"start":{"line":14,"column":65},"end":{"line":14,"column":76}},{"start":{"line":14,"column":79},"end":{"line":14,"column":99}}],"line":14},"9":{"loc":{"start":{"line":15,"column":30},"end":{"line":15,"column":161}},"type":"binary-expr","locations":[{"start":{"line":15,"column":30},"end":{"line":15,"column":34}},{"start":{"line":15,"column":38},"end":{"line":15,"column":161}}],"line":15},"10":{"loc":{"start":{"line":39,"column":12},"end":{"line":46,"column":13}},"type":"if","locations":[{"start":{"line":39,"column":12},"end":{"line":46,"column":13}},{"start":{"line":39,"column":12},"end":{"line":46,"column":13}}],"line":39},"11":{"loc":{"start":{"line":53,"column":12},"end":{"line":53,"column":70}},"type":"if","locations":[{"start":{"line":53,"column":12},"end":{"line":53,"column":70}},{"start":{"line":53,"column":12},"end":{"line":53,"column":70}}],"line":53},"12":{"loc":{"start":{"line":53,"column":16},"end":{"line":53,"column":50}},"type":"binary-expr","locations":[{"start":{"line":53,"column":16},"end":{"line":53,"column":18}},{"start":{"line":53,"column":22},"end":{"line":53,"column":30}},{"start":{"line":53,"column":35},"end":{"line":53,"column":49}}],"line":53},"13":{"loc":{"start":{"line":55,"column":18},"end":{"line":55,"column":43}},"type":"if","locations":[{"start":{"line":55,"column":18},"end":{"line":55,"column":43}},{"start":{"line":55,"column":18},"end":{"line":55,"column":43}}],"line":55}},"s":{"0":1,"1":1,"2":1,"3":1,"4":0,"5":0,"6":0,"7":0,"8":0,"9":0,"10":1,"11":1,"12":1,"13":1,"14":0,"15":1,"16":1,"17":0,"18":0,"19":0,"20":0,"21":0,"22":0,"23":1,"24":1,"25":1,"26":1,"27":1,"28":0,"29":0,"30":1,"31":1,"32":1,"33":1,"34":1,"35":1,"36":1,"37":1,"38":0,"39":0,"40":0,"41":0,"42":0,"43":0,"44":0,"45":0,"46":0,"47":0,"48":0,"49":0,"50":1,"51":0,"52":0,"53":0,"54":0,"55":1,"56":0,"57":0,"58":0,"59":0,"60":0,"61":1,"62":0,"63":0,"64":0,"65":0,"66":1,"67":0,"68":0,"69":0,"70":0,"71":1,"72":0},"f":{"0":1,"1":1,"2":1,"3":1,"4":0,"5":0,"6":1,"7":1,"8":0,"9":0,"10":0,"11":0,"12":0,"13":0,"14":0,"15":0,"16":1,"17":1,"18":1,"19":0,"20":0,"21":0,"22":0,"23":0,"24":0,"25":0,"26":0,"27":0,"28":0},"b":{"0":[1,1,1],"1":[0,1],"2":[1,1],"3":[0,1],"4":[1,1],"5":[1,1,1],"6":[0,1],"7":[1,0],"8":[0,0],"9":[0,0],"10":[0,0],"11":[0,0],"12":[0,0,0],"13":[0,0]},"_coverageSchema":"1a1c01bbd47fc00a2c39e90264f33305004495a9","hash":"ca337fa2cab40b9689b96a26cf05868192051b45"}
}
