TN:
SF:dist/part1_functions.js
FN:2,(anonymous_0)
FN:3,adopt
FN:3,(anonymous_2)
FN:4,(anonymous_3)
FN:5,fulfilled
FN:6,rejected
FN:7,step
FN:11,(anonymous_7)
FN:14,(anonymous_8)
FN:15,verb
FN:15,(anonymous_10)
FN:15,(anonymous_11)
FN:16,settle
FN:16,(anonymous_13)
FN:23,(anonymous_14)
FN:23,(anonymous_15)
FN:25,(anonymous_16)
FN:33,(anonymous_17)
FN:33,(anonymous_18)
FN:66,(anonymous_19)
FN:68,(anonymous_20)
FN:69,(anonymous_21)
FN:79,(anonymous_22)
FN:81,(anonymous_23)
FN:94,(anonymous_24)
FN:96,(anonymous_25)
FN:105,(anonymous_26)
FN:107,(anonymous_27)
FN:112,(anonymous_28)
FNF:29
FNH:9
FNDA:1,(anonymous_0)
FNDA:1,adopt
FNDA:1,(anonymous_2)
FNDA:1,(anonymous_3)
FNDA:0,fulfilled
FNDA:0,rejected
FNDA:1,step
FNDA:1,(anonymous_7)
FNDA:0,(anonymous_8)
FNDA:0,verb
FNDA:0,(anonymous_10)
FNDA:0,(anonymous_11)
FNDA:0,settle
FNDA:0,(anonymous_13)
FNDA:0,(anonymous_14)
FNDA:0,(anonymous_15)
FNDA:1,(anonymous_16)
FNDA:1,(anonymous_17)
FNDA:1,(anonymous_18)
FNDA:0,(anonymous_19)
FNDA:0,(anonymous_20)
FNDA:0,(anonymous_21)
FNDA:0,(anonymous_22)
FNDA:0,(anonymous_23)
FNDA:0,(anonymous_24)
FNDA:0,(anonymous_25)
FNDA:0,(anonymous_26)
FNDA:0,(anonymous_27)
FNDA:0,(anonymous_28)
DA:2,1
DA:3,1
DA:4,1
DA:5,0
DA:6,0
DA:7,1
DA:8,1
DA:11,1
DA:12,1
DA:13,1
DA:14,1
DA:15,0
DA:16,0
DA:18,1
DA:19,1
DA:20,1
DA:21,1
DA:23,1
DA:25,1
DA:33,1
DA:35,1
DA:36,1
DA:37,1
DA:38,0
DA:39,0
DA:40,0
DA:41,0
DA:47,0
DA:50,0
DA:52,0
DA:53,0
DA:55,0
DA:57,0
DA:66,1
DA:67,0
DA:68,0
DA:69,0
DA:70,0
DA:79,1
DA:80,0
DA:81,0
DA:82,0
DA:83,0
DA:85,0
DA:94,1
DA:95,0
DA:96,0
DA:97,0
DA:99,0
DA:105,1
DA:106,0
DA:107,0
DA:108,0
DA:110,0
DA:112,1
DA:113,0
LF:56
LH:24
BRDA:2,0,0,1
BRDA:2,0,1,1
BRDA:2,0,2,1
BRDA:3,1,0,0
BRDA:3,1,1,1
BRDA:4,2,0,1
BRDA:4,2,1,1
BRDA:7,3,0,0
BRDA:7,3,1,1
BRDA:8,4,0,1
BRDA:8,4,1,1
BRDA:11,5,0,1
BRDA:11,5,1,1
BRDA:11,5,2,1
BRDA:12,6,0,0
BRDA:12,6,1,1
BRDA:14,7,0,1
BRDA:14,7,1,0
BRDA:14,8,0,0
BRDA:14,8,1,0
BRDA:15,9,0,0
BRDA:15,9,1,0
BRDA:39,10,0,0
BRDA:39,10,1,0
BRDA:53,11,0,0
BRDA:53,11,1,0
BRDA:53,12,0,0
BRDA:53,12,1,0
BRDA:53,12,2,0
BRDA:55,13,0,0
BRDA:55,13,1,0
BRF:31
BRH:14
end_of_record
